C:\Program Files (x86)\Microsoft Visual Studio\2017\Community\Common7\IDE\VC\VCTargets\Microsoft.CppBuild.targets(377,5): warning MSB8004: Output 디렉터리가 슬래시로 끝나지 않습니다. Output 디렉터리의 적절한 평가를 허용하는 데 필요하므로 이 빌드 인스턴스에서 슬래시를 추가합니다.
  main.cpp
c:\users\yelin\source\repos\vrep\comebot\comebot\data_format.h(40): warning C4005: 'SLOW': 매크로 재정의
  c:\users\yelin\source\repos\vrep\comebot\comebot\data_format.h(36): note: 'SLOW'의 이전 정의를 참조하십시오.
c:\users\yelin\source\repos\vrep\comebot\comebot\main.h(69): warning C4244: '초기화 중': 'double'에서 'simxFloat'(으)로 변환하면서 데이터가 손실될 수 있습니다.
c:\users\yelin\source\repos\vrep\comebot\comebot\main.h(69): warning C4838: 'double'에서 'simxFloat'(으)로의 변환에는 축소 변환이 필요합니다.
c:\users\yelin\source\repos\vrep\comebot\comebot\main.h(70): warning C4244: '초기화 중': 'double'에서 'simxFloat'(으)로 변환하면서 데이터가 손실될 수 있습니다.
c:\users\yelin\source\repos\vrep\comebot\comebot\main.h(70): warning C4838: 'double'에서 'simxFloat'(으)로의 변환에는 축소 변환이 필요합니다.
c:\users\yelin\source\repos\vrep\comebot\comebot\main.h(71): warning C4244: '초기화 중': 'double'에서 'simxFloat'(으)로 변환하면서 데이터가 손실될 수 있습니다.
c:\users\yelin\source\repos\vrep\comebot\comebot\main.h(71): warning C4838: 'double'에서 'simxFloat'(으)로의 변환에는 축소 변환이 필요합니다.
c:\users\yelin\source\repos\vrep\comebot\comebot\main.h(72): warning C4244: '초기화 중': 'double'에서 'simxFloat'(으)로 변환하면서 데이터가 손실될 수 있습니다.
c:\users\yelin\source\repos\vrep\comebot\comebot\main.h(72): warning C4838: 'double'에서 'simxFloat'(으)로의 변환에는 축소 변환이 필요합니다.
c:\users\yelin\source\repos\vrep\comebot\comebot\main.h(73): warning C4244: '초기화 중': 'double'에서 'simxFloat'(으)로 변환하면서 데이터가 손실될 수 있습니다.
c:\users\yelin\source\repos\vrep\comebot\comebot\main.h(73): warning C4838: 'double'에서 'simxFloat'(으)로의 변환에는 축소 변환이 필요합니다.
c:\users\yelin\source\repos\vrep\comebot\comebot\main.h(74): warning C4244: '초기화 중': 'double'에서 'simxFloat'(으)로 변환하면서 데이터가 손실될 수 있습니다.
c:\users\yelin\source\repos\vrep\comebot\comebot\main.h(74): warning C4838: 'double'에서 'simxFloat'(으)로의 변환에는 축소 변환이 필요합니다.
c:\users\yelin\source\repos\vrep\comebot\comebot\vrep_gui.h(155): warning C4244: '+=': 'double'에서 'unsigned int'(으)로 변환하면서 데이터가 손실될 수 있습니다.
c:\users\yelin\source\repos\vrep\comebot\comebot\vrep_gui.h(156): warning C4244: '+=': 'double'에서 'unsigned int'(으)로 변환하면서 데이터가 손실될 수 있습니다.
c:\users\yelin\source\repos\vrep\comebot\comebot\vrep_gui.h(170): warning C4244: '인수': 'double'에서 '_Tp'(으)로 변환하면서 데이터가 손실될 수 있습니다.
          with
          [
              _Tp=int
          ]
c:\users\yelin\source\repos\vrep\comebot\comebot\vrep_gui.h(171): warning C4244: '인수': 'double'에서 '_Tp'(으)로 변환하면서 데이터가 손실될 수 있습니다.
          with
          [
              _Tp=int
          ]
c:\users\yelin\source\repos\vrep\comebot\comebot\data_transmission.h(90): warning C4267: '인수': 'size_t'에서 'int'(으)로 변환하면서 데이터가 손실될 수 있습니다.
c:\users\yelin\source\repos\vrep\comebot\comebot\data_transmission.h(113): warning C4267: '인수': 'size_t'에서 'int'(으)로 변환하면서 데이터가 손실될 수 있습니다.
c:\users\yelin\source\repos\vrep\comebot\comebot\main.cpp(32): warning C4244: 'return': 'double'에서 'simxFloat'(으)로 변환하면서 데이터가 손실될 수 있습니다.
c:\users\yelin\source\repos\vrep\comebot\comebot\main.cpp(37): warning C4244: '인수': 'double'에서 'simxFloat'(으)로 변환하면서 데이터가 손실될 수 있습니다.
c:\users\yelin\source\repos\vrep\comebot\comebot\main.cpp(38): warning C4244: '인수': 'double'에서 'simxFloat'(으)로 변환하면서 데이터가 손실될 수 있습니다.
c:\users\yelin\source\repos\vrep\comebot\comebot\main.cpp(39): warning C4244: '인수': 'double'에서 'simxFloat'(으)로 변환하면서 데이터가 손실될 수 있습니다.
c:\users\yelin\source\repos\vrep\comebot\comebot\main.cpp(40): warning C4244: '인수': 'double'에서 'simxFloat'(으)로 변환하면서 데이터가 손실될 수 있습니다.
c:\users\yelin\source\repos\vrep\comebot\comebot\main.cpp(101): warning C4244: '인수': 'double'에서 'simxFloat'(으)로 변환하면서 데이터가 손실될 수 있습니다.
c:\users\yelin\source\repos\vrep\comebot\comebot\main.cpp(103): warning C4244: '인수': 'double'에서 'simxFloat'(으)로 변환하면서 데이터가 손실될 수 있습니다.
c:\users\yelin\source\repos\vrep\comebot\comebot\main.cpp(108): warning C4244: '인수': 'double'에서 'simxFloat'(으)로 변환하면서 데이터가 손실될 수 있습니다.
c:\users\yelin\source\repos\vrep\comebot\comebot\main.cpp(110): warning C4244: '인수': 'double'에서 'simxFloat'(으)로 변환하면서 데이터가 손실될 수 있습니다.
c:\users\yelin\source\repos\vrep\comebot\comebot\main.cpp(119): warning C4244: '인수': 'double'에서 'simxFloat'(으)로 변환하면서 데이터가 손실될 수 있습니다.
c:\users\yelin\source\repos\vrep\comebot\comebot\main.cpp(121): warning C4244: '인수': 'double'에서 'simxFloat'(으)로 변환하면서 데이터가 손실될 수 있습니다.
c:\users\yelin\source\repos\vrep\comebot\comebot\main.cpp(126): warning C4244: '인수': 'double'에서 'simxFloat'(으)로 변환하면서 데이터가 손실될 수 있습니다.
c:\users\yelin\source\repos\vrep\comebot\comebot\main.cpp(128): warning C4244: '인수': 'double'에서 'simxFloat'(으)로 변환하면서 데이터가 손실될 수 있습니다.
c:\users\yelin\source\repos\vrep\comebot\comebot\main.cpp(135): warning C4244: '인수': 'double'에서 'simxFloat'(으)로 변환하면서 데이터가 손실될 수 있습니다.
c:\users\yelin\source\repos\vrep\comebot\comebot\main.cpp(137): warning C4244: '인수': 'double'에서 'simxFloat'(으)로 변환하면서 데이터가 손실될 수 있습니다.
c:\users\yelin\source\repos\vrep\comebot\comebot\main.cpp(147): warning C4244: '인수': 'double'에서 'simxFloat'(으)로 변환하면서 데이터가 손실될 수 있습니다.
c:\users\yelin\source\repos\vrep\comebot\comebot\main.cpp(149): warning C4244: '인수': 'double'에서 'simxFloat'(으)로 변환하면서 데이터가 손실될 수 있습니다.
c:\users\yelin\source\repos\vrep\comebot\comebot\main.cpp(154): warning C4244: '인수': 'double'에서 'simxFloat'(으)로 변환하면서 데이터가 손실될 수 있습니다.
c:\users\yelin\source\repos\vrep\comebot\comebot\main.cpp(156): warning C4244: '인수': 'double'에서 'simxFloat'(으)로 변환하면서 데이터가 손실될 수 있습니다.
c:\users\yelin\source\repos\vrep\comebot\comebot\main.cpp(178): warning C4244: '인수': 'double'에서 'simxFloat'(으)로 변환하면서 데이터가 손실될 수 있습니다.
c:\users\yelin\source\repos\vrep\comebot\comebot\main.cpp(180): warning C4244: '인수': 'double'에서 'simxFloat'(으)로 변환하면서 데이터가 손실될 수 있습니다.
c:\users\yelin\source\repos\vrep\comebot\comebot\main.cpp(185): warning C4244: '인수': 'double'에서 'simxFloat'(으)로 변환하면서 데이터가 손실될 수 있습니다.
c:\users\yelin\source\repos\vrep\comebot\comebot\main.cpp(187): warning C4244: '인수': 'double'에서 'simxFloat'(으)로 변환하면서 데이터가 손실될 수 있습니다.
c:\users\yelin\source\repos\vrep\comebot\comebot\main.cpp(195): warning C4244: '인수': 'double'에서 'simxFloat'(으)로 변환하면서 데이터가 손실될 수 있습니다.
c:\users\yelin\source\repos\vrep\comebot\comebot\main.cpp(197): warning C4244: '인수': 'double'에서 'simxFloat'(으)로 변환하면서 데이터가 손실될 수 있습니다.
c:\users\yelin\source\repos\vrep\comebot\comebot\main.cpp(202): warning C4244: '인수': 'double'에서 'simxFloat'(으)로 변환하면서 데이터가 손실될 수 있습니다.
c:\users\yelin\source\repos\vrep\comebot\comebot\main.cpp(204): warning C4244: '인수': 'double'에서 'simxFloat'(으)로 변환하면서 데이터가 손실될 수 있습니다.
c:\users\yelin\source\repos\vrep\comebot\comebot\main.cpp(213): warning C4244: '인수': 'double'에서 'simxFloat'(으)로 변환하면서 데이터가 손실될 수 있습니다.
c:\users\yelin\source\repos\vrep\comebot\comebot\main.cpp(215): warning C4244: '인수': 'double'에서 'simxFloat'(으)로 변환하면서 데이터가 손실될 수 있습니다.
c:\users\yelin\source\repos\vrep\comebot\comebot\main.cpp(220): warning C4244: '인수': 'double'에서 'simxFloat'(으)로 변환하면서 데이터가 손실될 수 있습니다.
c:\users\yelin\source\repos\vrep\comebot\comebot\main.cpp(222): warning C4244: '인수': 'double'에서 'simxFloat'(으)로 변환하면서 데이터가 손실될 수 있습니다.
c:\users\yelin\source\repos\vrep\comebot\comebot\main.cpp(230): warning C4244: '인수': 'double'에서 'simxFloat'(으)로 변환하면서 데이터가 손실될 수 있습니다.
c:\users\yelin\source\repos\vrep\comebot\comebot\main.cpp(232): warning C4244: '인수': 'double'에서 'simxFloat'(으)로 변환하면서 데이터가 손실될 수 있습니다.
c:\users\yelin\source\repos\vrep\comebot\comebot\main.cpp(237): warning C4244: '인수': 'double'에서 'simxFloat'(으)로 변환하면서 데이터가 손실될 수 있습니다.
c:\users\yelin\source\repos\vrep\comebot\comebot\main.cpp(239): warning C4244: '인수': 'double'에서 'simxFloat'(으)로 변환하면서 데이터가 손실될 수 있습니다.
c:\users\yelin\source\repos\vrep\comebot\comebot\main.cpp(338): warning C4305: '초기화 중': 'double'에서 'simxFloat'(으)로 잘립니다.
     C:\Program Files\V-REP3\V-REP_PRO_EDU\comebot.lib 라이브러리 및 C:\Program Files\V-REP3\V-REP_PRO_EDU\comebot.exp 개체를 생성하고 있습니다.
  코드를 생성하고 있습니다.
  87 of 844 functions (10.3%) were compiled, the rest were copied from previous compilation.
    0 functions were new in current compilation
    5 functions had inline decision re-evaluated but remain unchanged
  코드를 생성했습니다.
  comebot.vcxproj -> C:\Program Files\V-REP3\V-REP_PRO_EDU\comebot.exe
